<?xml version="1.0" encoding="UTF-8"?>
<!-- Generated by org.testng.reporters.JUnitReportReporter -->
<testsuite hostname="Aparna" failures="0" tests="1" name="com.saucelab.TestCases.RegressionTestCases" time="1.639" errors="0" timestamp="2024-01-19T20:30:58 IST" skipped="0">
  <testcase classname="com.saucelab.TestCases.RegressionTestCases" name="verifyEndToEnd_LoginTo_ProceedToCheckOut" time="1.639"/>
  <system-out/>
</testsuite> <!-- com.saucelab.TestCases.RegressionTestCases -->
